<?xml version="1.0" encoding="UTF-8"?>
<!-- Generated by org.testng.reporters.JUnitXMLReporter -->
<testsuite ignored="1" hostname="DESKTOP-PN1U2KN" failures="0" tests="3" name="Default test" time="9.416" errors="0" timestamp="2025-12-28T19:22:23 EET">
  <testcase classname="TestHR.MyFont" name="login" time="0.592"/>
  <testcase classname="TestHR.MyFont" name="PIM" time="2.472"/>
  <testcase classname="TestHR.MyFont" name="AddEmployee" time="1.386"/>
  <testcase classname="TestHR.MyFont" name="EmployeeInformation" time="0.0">
    <ignored/>
  </testcase> <!-- EmployeeInformation -->
</testsuite> <!-- Default test -->
