<?xml version="1.0" encoding="UTF-8"?>
<!-- Generated by org.testng.reporters.JUnitXMLReporter -->
<testsuite ignored="3" hostname="DESKTOP-PN1U2KN" failures="1" tests="5" name="Default test" time="28.378" errors="0" timestamp="2026-01-02T20:06:26 EET">
  <testcase classname="TestHR.MyFont" name="login" time="2.02"/>
  <testcase classname="TestHR.MyFont" name="PIM" time="5.873"/>
  <testcase classname="TestHR.MyFont" name="AddEmployee" time="3.165"/>
  <testcase classname="TestHR.MyFont" name="ContactDetails" time="10.0"/>
  <testcase classname="TestHR.MyFont" name="fillAddress" time="0.0">
    <failure type="org.testng.TestNGException" message="
Cannot inject @Test annotated Method [fillAddress] with [interface org.openqa.selenium.WebDriver].
For more information on native dependency injection please refer to https://testng.org/#_dependency_injection">
      <![CDATA[org.testng.TestNGException: 
Cannot inject @Test annotated Method [fillAddress] with [interface org.openqa.selenium.WebDriver].
For more information on native dependency injection please refer to https://testng.org/#_dependency_injection
at org.testng.internal.Parameters.checkParameterTypes(Parameters.java:442)
at org.testng.internal.Parameters.createParametersForMethod(Parameters.java:347)
at org.testng.internal.Parameters.createParameters(Parameters.java:699)
at org.testng.internal.Parameters.handleParameters(Parameters.java:885)
at org.testng.internal.Parameters.handleParameters(Parameters.java:734)
at org.testng.internal.invokers.ParameterHandler.handleParameters(ParameterHandler.java:72)
at org.testng.internal.invokers.ParameterHandler.createParameters(ParameterHandler.java:51)
at org.testng.internal.invokers.TestInvoker$MethodInvocationAgent.invoke(TestInvoker.java:949)
at org.testng.internal.invokers.TestInvoker.invokeTestMethods(TestInvoker.java:203)
at org.testng.internal.invokers.TestMethodWorker.invokeTestMethods(TestMethodWorker.java:154)
at org.testng.internal.invokers.TestMethodWorker.run(TestMethodWorker.java:134)
at java.base/java.util.ArrayList.forEach(ArrayList.java:1596)
at org.testng.TestRunner.privateRun(TestRunner.java:741)
at org.testng.TestRunner.run(TestRunner.java:616)
at org.testng.SuiteRunner.runTest(SuiteRunner.java:421)
at org.testng.SuiteRunner.runSequentially(SuiteRunner.java:413)
at org.testng.SuiteRunner.privateRun(SuiteRunner.java:373)
at org.testng.SuiteRunner.run(SuiteRunner.java:312)
at org.testng.SuiteRunnerWorker.runSuite(SuiteRunnerWorker.java:52)
at org.testng.SuiteRunnerWorker.run(SuiteRunnerWorker.java:95)
at org.testng.TestNG.runSuitesSequentially(TestNG.java:1274)
at org.testng.TestNG.runSuitesLocally(TestNG.java:1208)
at org.testng.TestNG.runSuites(TestNG.java:1112)
at org.testng.TestNG.run(TestNG.java:1079)
at org.testng.remote.AbstractRemoteTestNG.run(AbstractRemoteTestNG.java:115)
at org.testng.remote.RemoteTestNG.initAndRun(RemoteTestNG.java:293)
at org.testng.remote.RemoteTestNG.main(RemoteTestNG.java:91)
]]>
    </failure>
  </testcase> <!-- fillAddress -->
  <testcase classname="TestHR.MyFont" name="CustomFields" time="0.0">
    <ignored/>
  </testcase> <!-- CustomFields -->
  <testcase classname="TestHR.MyFont" name="uploadAttachment" time="0.0">
    <ignored/>
  </testcase> <!-- uploadAttachment -->
  <testcase classname="TestHR.MyFont" name="Information" time="0.0">
    <ignored/>
  </testcase> <!-- Information -->
</testsuite> <!-- Default test -->
