<?xml version="1.0" encoding="UTF-8"?>
<testng-results ignored="1" total="4" passed="3" failed="0" skipped="0">
  <reporter-output>
  </reporter-output>
  <suite started-at="2025-12-28T19:22:14 EET" name="Default suite" finished-at="2025-12-28T19:22:23 EET" duration-ms="9416">
    <groups>
    </groups>
    <test started-at="2025-12-28T19:22:14 EET" name="Default test" finished-at="2025-12-28T19:22:23 EET" duration-ms="9416">
      <class name="TestHR.MyFont">
        <test-method is-config="true" signature="setup()[pri:0, instance:TestHR.MyFont@1573f9fc]" started-at="2025-12-28T19:22:14 EET" name="setup" finished-at="2025-12-28T19:22:19 EET" duration-ms="4903" status="PASS">
          <reporter-output>
          </reporter-output>
        </test-method> <!-- setup -->
        <test-method signature="login()[pri:1, instance:TestHR.MyFont@1573f9fc]" started-at="2025-12-28T19:22:19 EET" name="login" finished-at="2025-12-28T19:22:19 EET" duration-ms="592" status="PASS">
          <reporter-output>
          </reporter-output>
        </test-method> <!-- login -->
        <test-method signature="PIM()[pri:2, instance:TestHR.MyFont@1573f9fc]" started-at="2025-12-28T19:22:19 EET" name="PIM" finished-at="2025-12-28T19:22:22 EET" duration-ms="2472" status="PASS">
          <reporter-output>
          </reporter-output>
        </test-method> <!-- PIM -->
        <test-method signature="AddEmployee()[pri:4, instance:TestHR.MyFont@1573f9fc]" started-at="2025-12-28T19:22:22 EET" name="AddEmployee" finished-at="2025-12-28T19:22:23 EET" duration-ms="1386" status="PASS">
          <reporter-output>
          </reporter-output>
        </test-method> <!-- AddEmployee -->
      </class> <!-- TestHR.MyFont -->
    </test> <!-- Default test -->
  </suite> <!-- Default suite -->
</testng-results>
