<?xml version="1.0" encoding="UTF-8"?>
<!-- Generated by org.testng.reporters.JUnitReportReporter -->
<testsuite hostname="DESKTOP-PN1U2KN" failures="0" tests="4" name="TestHR.MyFont" time="4.450" errors="0" timestamp="2025-12-28T19:22:23 EET" skipped="1">
  <testcase classname="TestHR.MyFont" name="login" time="0.592"/>
  <testcase classname="TestHR.MyFont" name="PIM" time="2.472"/>
  <testcase classname="TestHR.MyFont" name="AddEmployee" time="1.386"/>
  <testcase classname="TestHR.MyFont" name="EmployeeInformation">
    <skipped/>
  </testcase> <!-- EmployeeInformation -->
</testsuite> <!-- TestHR.MyFont -->
