<?xml version="1.0" encoding="UTF-8"?>
<!-- Generated by org.testng.reporters.JUnitReportReporter -->
<testsuite hostname="DESKTOP-PN1U2KN" failures="0" tests="4" name="ABOOD.MyFont" time="4.500" errors="0" timestamp="2025-12-28T19:19:24 EET" skipped="1">
  <testcase classname="ABOOD.MyFont" name="login" time="0.536"/>
  <testcase classname="ABOOD.MyFont" name="PIM" time="2.599"/>
  <testcase classname="ABOOD.MyFont" name="AddEmployee" time="1.365"/>
  <testcase classname="ABOOD.MyFont" name="EmployeeInformation">
    <skipped/>
  </testcase> <!-- EmployeeInformation -->
</testsuite> <!-- ABOOD.MyFont -->
